<?xml version="1.0" encoding="UTF-8"?>
<!-- Generated by org.testng.reporters.JUnitReportReporter -->
<testsuite hostname="DESKTOP-HLLTEEA" failures="0" tests="1" name="runner.ListofMapsRunner" time="0.203" errors="0" timestamp="24 Dec 2023 15:01:12 GMT" skipped="0">
  <testcase classname="runner.ListofMapsRunner" name="runScenario" time="0.203"/>
</testsuite> <!-- runner.ListofMapsRunner -->
