<?xml version="1.0" encoding="UTF-8"?>
<!-- Generated by org.testng.reporters.JUnitReportReporter -->
<testsuite hostname="DESKTOP-HLLTEEA" failures="0" tests="2" name="practise.TestNGDemo" time="0.014" errors="0" timestamp="15 Dec 2023 06:21:58 GMT" skipped="0">
  <testcase classname="practise.TestNGDemo" name="test1" time="0.009"/>
  <testcase classname="practise.TestNGDemo" name="test2" time="0.005"/>
</testsuite> <!-- practise.TestNGDemo -->
