<?xml version="1.0" encoding="UTF-8"?>
<!-- Generated by org.testng.reporters.JUnitReportReporter -->
<testsuite hostname="DESKTOP-HLLTEEA" failures="0" tests="2" name="bdd.Agd" time="0.020" errors="0" timestamp="11 Dec 2023 04:16:54 GMT" skipped="0">
  <testcase classname="bdd.Agd" name="pusb" time="0.004"/>
  <testcase classname="bdd.Agd" name="pub" time="0.016"/>
</testsuite> <!-- bdd.Agd -->
