<?xml version="1.0" encoding="UTF-8"?>
<!-- Generated by org.testng.reporters.JUnitReportReporter -->
<testsuite hostname="DESKTOP-HLLTEEA" failures="0" tests="1" name="runner.ListOfListRunner" time="0.205" errors="0" timestamp="24 Dec 2023 15:30:37 GMT" skipped="0">
  <testcase classname="runner.ListOfListRunner" name="runScenario" time="0.205"/>
</testsuite> <!-- runner.ListOfListRunner -->
