<?xml version="1.0" encoding="UTF-8"?>
<!-- Generated by org.testng.reporters.JUnitReportReporter -->
<testsuite hostname="DESKTOP-HLLTEEA" failures="0" tests="1" name="runner.MapPRunner" time="0.167" errors="0" timestamp="15 Dec 2023 17:41:54 GMT" skipped="0">
  <testcase classname="runner.MapPRunner" name="runScenario" time="0.167"/>
</testsuite> <!-- runner.MapPRunner -->
