<?xml version="1.0" encoding="UTF-8"?>
<!-- Generated by org.testng.reporters.JUnitReportReporter -->
<testsuite hostname="DESKTOP-HLLTEEA" failures="0" tests="1" name="runner.InitialRunnerClass" time="0.146" errors="0" timestamp="15 Dec 2023 12:57:56 GMT" skipped="0">
  <testcase classname="runner.InitialRunnerClass" name="runScenario" time="0.146"/>
</testsuite> <!-- runner.InitialRunnerClass -->
